<?xml version="1.0" encoding="UTF-8"?>
<!-- Generated by org.testng.reporters.JUnitReportReporter -->
<testsuite hostname="DESKTOP-IRDI2KI" failures="0" tests="2" name="com.obsqura.tests.CreateContact" time="81.829" errors="0" timestamp="2023-09-22T14:45:31 IST" skipped="0">
  <testcase classname="com.obsqura.tests.CreateContact" name="CreateContactTest" time="42.723"/>
  <system-out/>
  <testcase classname="com.obsqura.tests.CreateContact" name="CreateContactTest" time="39.106"/>
  <system-out/>
</testsuite> <!-- com.obsqura.tests.CreateContact -->
