<?xml version="1.0" encoding="UTF-8"?>
<!-- Generated by org.testng.reporters.JUnitReportReporter -->
<testsuite hostname="DESKTOP-IRDI2KI" failures="0" tests="1" name="com.obsqura.tests.ManageLocationTest" time="26.249" errors="0" timestamp="2023-09-22T14:45:31 IST" skipped="0">
  <testcase classname="com.obsqura.tests.ManageLocationTest" name="MyManageLocationTest" time="26.249"/>
  <system-out/>
</testsuite> <!-- com.obsqura.tests.ManageLocationTest -->
